[08-19 22:29:54] INFO     Received key: j, modifier: None
[08-19 22:29:54] INFO     Start with output!
[08-19 22:29:54] INFO     Get output text: 
[08-19 22:29:54] INFO     Received key: j, modifier: None
[08-19 22:29:54] INFO     Start with output!
[08-19 22:29:54] INFO     Get output text: 
[08-19 22:29:54] INFO     Received key: j, modifier: None
[08-19 22:29:54] INFO     Start with output!
[08-19 22:29:54] INFO     Get output text: 
[08-19 22:29:54] INFO     Received key: j, modifier: None
[08-19 22:29:54] INFO     Start with output!
[08-19 22:29:54] INFO     Get output text: 
[08-19 22:29:54] INFO     Received key: j, modifier: None
[08-19 22:29:54] INFO     Start with output!
[08-19 22:29:54] INFO     Get output text: 
[08-19 22:29:55] INFO     Received key: Space, modifier: None
[08-19 22:29:55] INFO     Start with output!
[08-19 22:29:55] INFO     Get output text: 
[08-19 22:29:55] INFO     Received key: Space, modifier: None
[08-19 22:29:55] INFO     Start with output!
[08-19 22:29:55] INFO     Get output text: 
[08-19 22:29:56] INFO     Received key: Space, modifier: None
[08-19 22:29:56] INFO     Start with output!
[08-19 22:29:56] INFO     Get output text: 吳五嗚嗚嗚
[08-19 22:29:57] INFO     Received key: j, modifier: None
[08-19 22:29:57] INFO     Start with output!
[08-19 22:29:57] INFO     Get output text: 
[08-19 22:29:57] INFO     Received key: i, modifier: None
[08-19 22:29:57] INFO     Start with output!
[08-19 22:29:57] INFO     Get output text: 
[08-19 22:29:57] INFO     Received key: 3, modifier: None
[08-19 22:29:57] INFO     Start with output!
[08-19 22:29:57] INFO     Get output text: 
[08-19 22:29:58] INFO     Received key: Space, modifier: None
[08-19 22:29:58] INFO     Start with output!
[08-19 22:29:58] INFO     Get output text: 
[08-19 22:29:58] INFO     Received key: Space, modifier: None
[08-19 22:29:58] INFO     Start with output!
[08-19 22:29:58] INFO     Get output text: 我
[08-19 22:29:58] INFO     Received key: Space, modifier: None
[08-19 22:29:58] INFO     Start with output!
[08-19 22:29:58] INFO     Get output text: 
[08-19 22:29:59] INFO     Received key: s, modifier: None
[08-19 22:29:59] INFO     Start with output!
[08-19 22:29:59] INFO     Get output text: 
[08-19 22:29:59] INFO     Received key: u, modifier: None
[08-19 22:29:59] INFO     Start with output!
[08-19 22:29:59] INFO     Get output text: 
[08-19 22:29:59] INFO     Received key: 3, modifier: None
[08-19 22:29:59] INFO     Start with output!
[08-19 22:29:59] INFO     Get output text: 
[08-19 22:30:00] INFO     Received key: c, modifier: None
[08-19 22:30:00] INFO     Start with output!
[08-19 22:30:00] INFO     Get output text: 
[08-19 22:30:00] INFO     Received key: l, modifier: None
[08-19 22:30:00] INFO     Start with output!
[08-19 22:30:00] INFO     Get output text: 
[08-19 22:30:00] INFO     Received key: 3, modifier: None
[08-19 22:30:00] INFO     Start with output!
[08-19 22:30:00] INFO     Get output text: 
[08-19 22:30:00] INFO     Received key: Space, modifier: None
[08-19 22:30:00] INFO     Start with output!
[08-19 22:30:00] INFO     Get output text: 
[08-19 22:30:00] INFO     Received key: Space, modifier: None
[08-19 22:30:00] INFO     Start with output!
[08-19 22:30:00] INFO     Get output text: 你好
[08-19 22:30:03] INFO     Commit the raw input
[08-19 22:30:03] INFO     Start with output!
[08-19 22:30:03] INFO     Get output text: 
[08-19 22:30:03] INFO     Commit the raw input
[08-19 22:30:03] INFO     Start with output!
[08-19 22:30:03] INFO     Get output text: 
[08-19 22:30:03] INFO     Commit the raw input
[08-19 22:30:03] INFO     Start with output!
[08-19 22:30:03] INFO     Get output text: 
[08-19 22:30:04] INFO     Exit session
[08-19 23:01:37] INFO     Received key: a, modifier: None
[08-19 23:01:37] INFO     Start with output!
[08-19 23:01:37] INFO     Get output text: 
[08-19 23:01:40] INFO     Received key: a, modifier: None
[08-19 23:01:40] INFO     Start with output!
[08-19 23:01:40] INFO     Get output text: 
[08-19 23:01:40] INFO     Received key: a, modifier: None
[08-19 23:01:40] INFO     Start with output!
[08-19 23:01:40] INFO     Get output text: 
[08-19 23:01:40] INFO     Received key: a, modifier: None
[08-19 23:01:40] INFO     Start with output!
[08-19 23:01:40] INFO     Get output text: 
[08-19 23:01:41] INFO     Received key: a, modifier: None
[08-19 23:01:41] INFO     Start with output!
[08-19 23:01:41] INFO     Get output text: 
[08-19 23:01:41] INFO     Received key: a, modifier: None
[08-19 23:01:41] INFO     Start with output!
[08-19 23:01:41] INFO     Get output text: 
[08-19 23:01:41] INFO     Received key: a, modifier: None
[08-19 23:01:41] INFO     Start with output!
[08-19 23:01:41] INFO     Get output text: 
[08-19 23:01:46] INFO     Received key: j, modifier: None
[08-19 23:01:46] INFO     Start with output!
[08-19 23:01:46] INFO     Get output text: 
[08-19 23:01:48] INFO     Received key: i, modifier: None
[08-19 23:01:48] INFO     Start with output!
[08-19 23:01:48] INFO     Get output text: 
[08-19 23:01:48] INFO     Received key: 3, modifier: None
[08-19 23:01:49] INFO     Start with output!
[08-19 23:01:49] INFO     Get output text: 
[08-19 23:02:05] INFO     Received key: a, modifier: None
[08-19 23:02:05] INFO     Start with output!
[08-19 23:02:05] INFO     Get output text: 
[08-19 23:02:05] INFO     Received key: a, modifier: None
[08-19 23:02:05] INFO     Start with output!
[08-19 23:02:05] INFO     Get output text: 
[08-19 23:02:05] INFO     Received key: a, modifier: None
[08-19 23:02:05] INFO     Start with output!
[08-19 23:02:05] INFO     Get output text: 
[08-19 23:02:06] INFO     Received key: a, modifier: None
[08-19 23:02:06] INFO     Start with output!
[08-19 23:02:06] INFO     Get output text: 
[08-19 23:02:09] INFO     Received key: j, modifier: None
[08-19 23:02:09] INFO     Start with output!
[08-19 23:02:09] INFO     Get output text: 
[08-19 23:02:12] INFO     Received key: i, modifier: None
[08-19 23:02:12] INFO     Start with output!
[08-19 23:02:12] INFO     Get output text: 
[08-19 23:02:13] INFO     Received key: 3, modifier: None
[08-19 23:02:13] INFO     Start with output!
[08-19 23:02:13] INFO     Get output text: 
[08-19 23:03:08] INFO     Received key: j, modifier: None
[08-19 23:03:08] INFO     Start with output!
[08-19 23:03:08] INFO     Get output text: 
[08-19 23:03:09] INFO     Received key: i, modifier: None
[08-19 23:03:09] INFO     Start with output!
[08-19 23:03:09] INFO     Get output text: 
[08-19 23:03:09] INFO     Received key: 3, modifier: None
[08-19 23:03:09] INFO     Start with output!
[08-19 23:03:09] INFO     Get output text: 
[08-19 23:03:10] INFO     Received key: r, modifier: None
[08-19 23:03:10] INFO     Start with output!
[08-19 23:03:10] INFO     Get output text: 
[08-19 23:03:10] INFO     Received key: u, modifier: None
[08-19 23:03:10] INFO     Start with output!
[08-19 23:03:10] INFO     Get output text: 
[08-19 23:03:10] INFO     Received key: Space, modifier: None
[08-19 23:03:10] INFO     Start with output!
[08-19 23:03:10] INFO     Get output text: 
[08-19 23:03:11] INFO     Received key: 1, modifier: None
[08-19 23:03:11] INFO     Start with output!
[08-19 23:03:11] INFO     Get output text: 
[08-19 23:03:11] INFO     Received key: p, modifier: None
[08-19 23:03:11] INFO     Start with output!
[08-19 23:03:11] INFO     Get output text: 
[08-19 23:03:11] INFO     Received key: 3, modifier: None
[08-19 23:03:11] INFO     Start with output!
[08-19 23:03:11] INFO     Get output text: 
[08-19 23:03:11] INFO     Received key: g, modifier: None
[08-19 23:03:11] INFO     Start with output!
[08-19 23:03:11] INFO     Get output text: 
[08-19 23:03:11] INFO     Received key: ;, modifier: None
[08-19 23:03:11] INFO     Start with output!
[08-19 23:03:11] INFO     Get output text: 
[08-19 23:03:12] INFO     Received key: 4, modifier: None
[08-19 23:03:12] INFO     Start with output!
[08-19 23:03:12] INFO     Get output text: 
[08-19 23:03:12] INFO     Received key: Space, modifier: None
[08-19 23:03:12] INFO     Start with output!
[08-19 23:03:12] INFO     Get output text: 
[08-19 23:03:12] INFO     Received key: Space, modifier: None
[08-19 23:03:12] INFO     Start with output!
[08-19 23:03:12] INFO     Get output text: 我基本上
[08-19 23:03:13] INFO     Exit session
[08-19 23:11:19] INFO     Received key: j, modifier: None
[08-19 23:11:19] INFO     Start with output!
[08-19 23:11:19] INFO     Get output text: 
[08-19 23:11:20] INFO     Received key: i, modifier: None
[08-19 23:11:20] INFO     Start with output!
[08-19 23:11:20] INFO     Get output text: 
[08-19 23:11:20] INFO     Received key: 3, modifier: None
[08-19 23:11:20] INFO     Start with output!
[08-19 23:11:20] INFO     Get output text: 
[08-19 23:11:20] INFO     Received key: r, modifier: None
[08-19 23:11:20] INFO     Received key: e, modifier: None
[08-19 23:11:20] INFO     Start with output!
[08-19 23:11:20] INFO     Get output text: 
[08-19 23:11:20] INFO     Start with output!
[08-19 23:11:20] INFO     Get output text: 
[08-19 23:11:21] INFO     Received key: Space, modifier: None
[08-19 23:11:21] INFO     Start with output!
[08-19 23:11:21] INFO     Get output text: 
[08-19 23:11:21] INFO     Received key: Space, modifier: None
[08-19 23:11:21] INFO     Start with output!
[08-19 23:11:21] INFO     Get output text: 
[08-19 23:11:21] INFO     Received key: Space, modifier: None
[08-19 23:11:21] INFO     Start with output!
[08-19 23:11:21] INFO     Get output text: 我機關
[08-19 23:11:23] INFO     Commit the raw input
[08-19 23:11:23] INFO     Start with output!
[08-19 23:11:23] INFO     Get output text: 
[08-19 23:11:24] INFO     Exit session
[08-19 23:11:29] INFO     Received key: j, modifier: None
[08-19 23:11:29] INFO     Start with output!
[08-19 23:11:29] INFO     Get output text: 
[08-19 23:11:29] INFO     Received key: j, modifier: None
[08-19 23:11:29] INFO     Start with output!
[08-19 23:11:29] INFO     Get output text: 
[08-19 23:11:29] INFO     Received key: j, modifier: None
[08-19 23:11:29] INFO     Start with output!
[08-19 23:11:29] INFO     Get output text: 
[08-19 23:11:30] INFO     Received key: j, modifier: None
[08-19 23:11:30] INFO     Start with output!
[08-19 23:11:30] INFO     Get output text: 
[08-19 23:11:30] INFO     Received key: Space, modifier: None
[08-19 23:11:30] INFO     Start with output!
[08-19 23:11:30] INFO     Get output text: 
[08-19 23:11:30] INFO     Received key: Space, modifier: None
[08-19 23:11:30] INFO     Start with output!
[08-19 23:11:30] INFO     Get output text: 
[08-19 23:11:30] INFO     Exit session
